# JRE version: Java(TM) SE Runtime Environment (7.0_65-b20) (build 1.7.0_55-b14)
# Java VM: Java HotSpot(TM) Client VM (24.65-b04 mixed mode windows-x86 )
Heap
 def new generation   total 4928K, used 4183K [0x04400000, 0x04950000, 0x09950000)
  eden space 4416K,  83% used [0x04400000, 0x04795d60, 0x04850000)
  from space 512K, 100% used [0x04850000, 0x048d0000, 0x048d0000)
  to   space 512K,   0% used [0x048d0000, 0x048d0000, 0x04950000)
 tenured generation   total 10944K, used 1501K [0x09950000, 0x0a400000, 0x14400000)
   the space 10944K,  13% used [0x09950000, 0x09ac7720, 0x09ac7800, 0x0a400000)
 compacting perm gen  total 12288K, used 4422K [0x14400000, 0x15000000, 0x18400000)
   the space 12288K,  35% used [0x14400000, 0x14851a10, 0x14851c00, 0x15000000)
GC Heap History (4 events):
Event: 0.443 GC heap before
{Heap before GC invocations=0 (full 0):
 def new generation   total 4928K, used 4416K [0x04400000, 0x04950000, 0x09950000)
  eden space 4416K, 100% used [0x04400000, 0x04850000, 0x04850000)
  from space 512K,   0% used [0x04850000, 0x04850000, 0x048d0000)
  to   space 512K,   0% used [0x048d0000, 0x048d0000, 0x04950000)
 tenured generation   total 10944K, used 0K [0x09950000, 0x0a400000, 0x14400000)
   the space 10944K,   0% used [0x09950000, 0x09950000, 0x09950200, 0x0a400000)
 compacting perm gen  total 12288K, used 2855K [0x14400000, 0x15000000, 0x18400000)
   the space 12288K,  23% used [0x14400000, 0x146c9f48, 0x146ca000, 0x15000000)
No shared spaces configured.
Event: 0.448 GC heap after
Heap after GC invocations=1 (full 0):
 def new generation   total 4928K, used 512K [0x04400000, 0x04950000, 0x09950000)
  eden space 4416K,   0% used [0x04400000, 0x04400000, 0x04850000)
  from space 512K, 100% used [0x048d0000, 0x04950000, 0x04950000)
  to   space 512K,   0% used [0x04850000, 0x04850000, 0x048d0000)
 tenured generation   total 10944K, used 603K [0x09950000, 0x0a400000, 0x14400000)
   the space 10944K,   5% used [0x09950000, 0x099e6e58, 0x099e7000, 0x0a400000)
 compacting perm gen  total 12288K, used 2855K [0x14400000, 0x15000000, 0x18400000)
   the space 12288K,  23% used [0x14400000, 0x146c9f48, 0x146ca000, 0x15000000)
No shared spaces configured.
}
Event: 0.983 GC heap before
{Heap before GC invocations=1 (full 0):
 def new generation   total 4928K, used 4928K [0x04400000, 0x04950000, 0x09950000)
  eden space 4416K, 100% used [0x04400000, 0x04850000, 0x04850000)
  from space 512K, 100% used [0x048d0000, 0x04950000, 0x04950000)
  to   space 512K,   0% used [0x04850000, 0x04850000, 0x048d0000)
 tenured generation   total 10944K, used 603K [0x09950000, 0x0a400000, 0x14400000)
   the space 10944K,   5% used [0x09950000, 0x099e6e58, 0x099e7000, 0x0a400000)
 compacting perm gen  total 12288K, used 3835K [0x14400000, 0x15000000, 0x18400000)
   the space 12288K,  31% used [0x14400000, 0x147becb8, 0x147bee00, 0x15000000)
No shared spaces configured.
Event: 0.989 GC heap after
Heap after GC invocations=2 (full 0):
 def new generation   total 4928K, used 512K [0x04400000, 0x04950000, 0x09950000)
  eden space 4416K,   0% used [0x04400000, 0x04400000, 0x04850000)
  from space 512K, 100% used [0x04850000, 0x048d0000, 0x048d0000)
  to   space 512K,   0% used [0x048d0000, 0x048d0000, 0x04950000)
 tenured generation   total 10944K, used 1501K [0x09950000, 0x0a400000, 0x14400000)
   the space 10944K,  13% used [0x09950000, 0x09ac7720, 0x09ac7800, 0x0a400000)
 compacting perm gen  total 12288K, used 3835K [0x14400000, 0x15000000, 0x18400000)
   the space 12288K,  31% used [0x14400000, 0x147becb8, 0x147bee00, 0x15000000)
No shared spaces configured.
}

